<?xml version="1.0" encoding="UTF-8"?>
<!-- Generated by org.testng.reporters.JUnitReportReporter -->
<testsuite hostname="LTIN188363" failures="0" tests="5" name="Main_TestNG.SmokeTesting" time="65.716" errors="0" timestamp="2024-02-29T15:37:22 IST" skipped="0">
  <testcase classname="Main_TestNG.SmokeTesting" name="car_Loan" time="2.079"/>
  <system-out/>
  <testcase classname="Main_TestNG.SmokeTesting" name="home_Loan" time="30.948"/>
  <system-out/>
  <testcase classname="Main_TestNG.SmokeTesting" name="Loan_cal1" time="32.166"/>
  <system-out/>
  <testcase classname="Main_TestNG.SmokeTesting" name="Loan_cal2" time="0.181"/>
  <system-out/>
  <testcase classname="Main_TestNG.SmokeTesting" name="Loan_cal3" time="0.342"/>
  <system-out/>
</testsuite> <!-- Main_TestNG.SmokeTesting -->
