<?xml version="1.0" encoding="UTF-8"?>
<!-- Generated by org.testng.reporters.JUnitReportReporter -->
<testsuite hostname="LTIN188363" failures="0" tests="1" name="Cucumber.Tests.testRunnerSmoke" time="8.019" errors="0" timestamp="2024-02-28T09:49:17 IST" skipped="0">
  <testcase classname="Cucumber.Tests.testRunnerSmoke" name="runScenario" time="8.019"/>
  <system-out/>
</testsuite> <!-- Cucumber.Tests.testRunnerSmoke -->
