<?xml version="1.0" encoding="UTF-8"?>
<!-- Generated by org.testng.reporters.JUnitReportReporter -->
<testsuite hostname="LTIN188363" failures="0" tests="12" name="Main_TestNG.CarTestNG" time="111.287" errors="0" timestamp="2024-03-04T16:36:42 IST" skipped="0">
  <testcase classname="Main_TestNG.CarTestNG" name="testLogo" time="2.568"/>
  <system-out/>
  <testcase classname="Main_TestNG.CarTestNG" name="car_Loan" time="0.208"/>
  <system-out/>
  <testcase classname="Main_TestNG.CarTestNG" name="Car_Loan" time="2.654"/>
  <system-out/>
  <testcase classname="Main_TestNG.CarTestNG" name="EMI_Calculation" time="0.118"/>
  <system-out/>
  <testcase classname="Main_TestNG.CarTestNG" name="home_Loan" time="2.460"/>
  <system-out/>
  <testcase classname="Main_TestNG.CarTestNG" name="Home_page" time="14.912"/>
  <system-out/>
  <testcase classname="Main_TestNG.CarTestNG" name="Loan_cal1" time="3.452"/>
  <system-out/>
  <testcase classname="Main_TestNG.CarTestNG" name="Emi_Calc" time="31.408"/>
  <system-out/>
  <testcase classname="Main_TestNG.CarTestNG" name="Loan_cal2" time="0.156"/>
  <system-out/>
  <testcase classname="Main_TestNG.CarTestNG" name="Calc2" time="23.255"/>
  <system-out/>
  <testcase classname="Main_TestNG.CarTestNG" name="Loan_cal3" time="0.345"/>
  <system-out/>
  <testcase classname="Main_TestNG.CarTestNG" name="Calc3" time="29.751"/>
  <system-out/>
</testsuite> <!-- Main_TestNG.CarTestNG -->
