<?xml version="1.0" encoding="UTF-8"?>
<!-- Generated by org.testng.reporters.JUnitReportReporter -->
<testsuite hostname="LTIN188363" failures="0" tests="3" name="Cucumber.Tests.testRunners" time="151.407" errors="0" timestamp="2024-03-04T15:06:09 IST" skipped="0">
  <testcase classname="Cucumber.Tests.testRunners" name="runScenario" time="5.287"/>
  <system-out/>
  <testcase classname="Cucumber.Tests.testRunners" name="runScenario" time="52.438"/>
  <system-out/>
  <testcase classname="Cucumber.Tests.testRunners" name="runScenario" time="93.682"/>
  <system-out/>
</testsuite> <!-- Cucumber.Tests.testRunners -->
